<?xml version="1.0" encoding="UTF-8"?>
<testsuite xmlns:xsi="http://www.w3.org/2001/XMLSchema-instance" xsi:noNamespaceSchemaLocation="https://maven.apache.org/surefire/maven-surefire-plugin/xsd/surefire-test-report-3.0.xsd" version="3.0" name="com.xender.practical.services.UserServicesTest" time="0.326" tests="8" errors="0" skipped="0" failures="0">
  <properties>
    <property name="java.specification.version" value="15"/>
    <property name="sun.cpu.isalist" value="amd64"/>
    <property name="sun.jnu.encoding" value="Cp1252"/>
    <property name="java.class.path" value="C:\Users\kosridha\Java\authappnackend\target\test-classes;C:\Users\kosridha\Java\authappnackend\target\classes;C:\Users\kosridha\.m2\repository\org\springframework\boot\spring-boot-starter-web\2.7.1\spring-boot-starter-web-2.7.1.jar;C:\Users\kosridha\.m2\repository\org\springframework\boot\spring-boot-starter\2.7.1\spring-boot-starter-2.7.1.jar;C:\Users\kosridha\.m2\repository\org\springframework\boot\spring-boot-starter-logging\2.7.1\spring-boot-starter-logging-2.7.1.jar;C:\Users\kosridha\.m2\repository\ch\qos\logback\logback-classic\1.2.11\logback-classic-1.2.11.jar;C:\Users\kosridha\.m2\repository\ch\qos\logback\logback-core\1.2.11\logback-core-1.2.11.jar;C:\Users\kosridha\.m2\repository\org\apache\logging\log4j\log4j-to-slf4j\2.17.2\log4j-to-slf4j-2.17.2.jar;C:\Users\kosridha\.m2\repository\org\apache\logging\log4j\log4j-api\2.17.2\log4j-api-2.17.2.jar;C:\Users\kosridha\.m2\repository\org\slf4j\jul-to-slf4j\1.7.36\jul-to-slf4j-1.7.36.jar;C:\Users\kosridha\.m2\repository\jakarta\annotation\jakarta.annotation-api\1.3.5\jakarta.annotation-api-1.3.5.jar;C:\Users\kosridha\.m2\repository\org\yaml\snakeyaml\1.30\snakeyaml-1.30.jar;C:\Users\kosridha\.m2\repository\org\springframework\boot\spring-boot-starter-json\2.7.1\spring-boot-starter-json-2.7.1.jar;C:\Users\kosridha\.m2\repository\com\fasterxml\jackson\core\jackson-databind\2.13.3\jackson-databind-2.13.3.jar;C:\Users\kosridha\.m2\repository\com\fasterxml\jackson\core\jackson-annotations\2.13.3\jackson-annotations-2.13.3.jar;C:\Users\kosridha\.m2\repository\com\fasterxml\jackson\core\jackson-core\2.13.3\jackson-core-2.13.3.jar;C:\Users\kosridha\.m2\repository\com\fasterxml\jackson\datatype\jackson-datatype-jdk8\2.13.3\jackson-datatype-jdk8-2.13.3.jar;C:\Users\kosridha\.m2\repository\com\fasterxml\jackson\datatype\jackson-datatype-jsr310\2.13.3\jackson-datatype-jsr310-2.13.3.jar;C:\Users\kosridha\.m2\repository\com\fasterxml\jackson\module\jackson-module-parameter-names\2.13.3\jackson-module-parameter-names-2.13.3.jar;C:\Users\kosridha\.m2\repository\org\springframework\boot\spring-boot-starter-tomcat\2.7.1\spring-boot-starter-tomcat-2.7.1.jar;C:\Users\kosridha\.m2\repository\org\apache\tomcat\embed\tomcat-embed-core\9.0.64\tomcat-embed-core-9.0.64.jar;C:\Users\kosridha\.m2\repository\org\apache\tomcat\embed\tomcat-embed-websocket\9.0.64\tomcat-embed-websocket-9.0.64.jar;C:\Users\kosridha\.m2\repository\org\springframework\spring-web\5.3.21\spring-web-5.3.21.jar;C:\Users\kosridha\.m2\repository\org\springframework\spring-beans\5.3.21\spring-beans-5.3.21.jar;C:\Users\kosridha\.m2\repository\org\springframework\spring-webmvc\5.3.21\spring-webmvc-5.3.21.jar;C:\Users\kosridha\.m2\repository\org\springframework\spring-aop\5.3.21\spring-aop-5.3.21.jar;C:\Users\kosridha\.m2\repository\org\springframework\spring-context\5.3.21\spring-context-5.3.21.jar;C:\Users\kosridha\.m2\repository\org\springframework\spring-expression\5.3.21\spring-expression-5.3.21.jar;C:\Users\kosridha\.m2\repository\org\springframework\boot\spring-boot-starter-test\2.7.1\spring-boot-starter-test-2.7.1.jar;C:\Users\kosridha\.m2\repository\org\springframework\boot\spring-boot-test\2.7.1\spring-boot-test-2.7.1.jar;C:\Users\kosridha\.m2\repository\org\springframework\boot\spring-boot-test-autoconfigure\2.7.1\spring-boot-test-autoconfigure-2.7.1.jar;C:\Users\kosridha\.m2\repository\com\jayway\jsonpath\json-path\2.7.0\json-path-2.7.0.jar;C:\Users\kosridha\.m2\repository\net\minidev\json-smart\2.4.8\json-smart-2.4.8.jar;C:\Users\kosridha\.m2\repository\net\minidev\accessors-smart\2.4.8\accessors-smart-2.4.8.jar;C:\Users\kosridha\.m2\repository\org\ow2\asm\asm\9.1\asm-9.1.jar;C:\Users\kosridha\.m2\repository\org\slf4j\slf4j-api\1.7.36\slf4j-api-1.7.36.jar;C:\Users\kosridha\.m2\repository\jakarta\xml\bind\jakarta.xml.bind-api\2.3.3\jakarta.xml.bind-api-2.3.3.jar;C:\Users\kosridha\.m2\repository\jakarta\activation\jakarta.activation-api\1.2.2\jakarta.activation-api-1.2.2.jar;C:\Users\kosridha\.m2\repository\org\assertj\assertj-core\3.22.0\assertj-core-3.22.0.jar;C:\Users\kosridha\.m2\repository\org\hamcrest\hamcrest\2.2\hamcrest-2.2.jar;C:\Users\kosridha\.m2\repository\org\junit\jupiter\junit-jupiter\5.8.2\junit-jupiter-5.8.2.jar;C:\Users\kosridha\.m2\repository\org\mockito\mockito-core\4.5.1\mockito-core-4.5.1.jar;C:\Users\kosridha\.m2\repository\net\bytebuddy\byte-buddy-agent\1.12.11\byte-buddy-agent-1.12.11.jar;C:\Users\kosridha\.m2\repository\org\objenesis\objenesis\3.2\objenesis-3.2.jar;C:\Users\kosridha\.m2\repository\org\skyscreamer\jsonassert\1.5.0\jsonassert-1.5.0.jar;C:\Users\kosridha\.m2\repository\com\vaadin\external\google\android-json\0.0.20131108.vaadin1\android-json-0.0.20131108.vaadin1.jar;C:\Users\kosridha\.m2\repository\org\springframework\spring-core\5.3.21\spring-core-5.3.21.jar;C:\Users\kosridha\.m2\repository\org\springframework\spring-jcl\5.3.21\spring-jcl-5.3.21.jar;C:\Users\kosridha\.m2\repository\org\springframework\spring-test\5.3.21\spring-test-5.3.21.jar;C:\Users\kosridha\.m2\repository\org\xmlunit\xmlunit-core\2.9.0\xmlunit-core-2.9.0.jar;C:\Users\kosridha\.m2\repository\org\postgresql\postgresql\42.3.6\postgresql-42.3.6.jar;C:\Users\kosridha\.m2\repository\org\checkerframework\checker-qual\3.5.0\checker-qual-3.5.0.jar;C:\Users\kosridha\.m2\repository\org\springframework\boot\spring-boot-devtools\2.7.1\spring-boot-devtools-2.7.1.jar;C:\Users\kosridha\.m2\repository\org\springframework\boot\spring-boot\2.7.1\spring-boot-2.7.1.jar;C:\Users\kosridha\.m2\repository\org\springframework\boot\spring-boot-autoconfigure\2.7.1\spring-boot-autoconfigure-2.7.1.jar;C:\Users\kosridha\.m2\repository\org\springframework\boot\spring-boot-starter-data-jpa\2.7.1\spring-boot-starter-data-jpa-2.7.1.jar;C:\Users\kosridha\.m2\repository\org\springframework\boot\spring-boot-starter-aop\2.7.1\spring-boot-starter-aop-2.7.1.jar;C:\Users\kosridha\.m2\repository\org\aspectj\aspectjweaver\1.9.7\aspectjweaver-1.9.7.jar;C:\Users\kosridha\.m2\repository\org\springframework\boot\spring-boot-starter-jdbc\2.7.1\spring-boot-starter-jdbc-2.7.1.jar;C:\Users\kosridha\.m2\repository\com\zaxxer\HikariCP\4.0.3\HikariCP-4.0.3.jar;C:\Users\kosridha\.m2\repository\org\springframework\spring-jdbc\5.3.21\spring-jdbc-5.3.21.jar;C:\Users\kosridha\.m2\repository\jakarta\transaction\jakarta.transaction-api\1.3.3\jakarta.transaction-api-1.3.3.jar;C:\Users\kosridha\.m2\repository\jakarta\persistence\jakarta.persistence-api\2.2.3\jakarta.persistence-api-2.2.3.jar;C:\Users\kosridha\.m2\repository\org\hibernate\hibernate-core\5.6.9.Final\hibernate-core-5.6.9.Final.jar;C:\Users\kosridha\.m2\repository\antlr\antlr\2.7.7\antlr-2.7.7.jar;C:\Users\kosridha\.m2\repository\org\jboss\jandex\2.4.2.Final\jandex-2.4.2.Final.jar;C:\Users\kosridha\.m2\repository\com\fasterxml\classmate\1.5.1\classmate-1.5.1.jar;C:\Users\kosridha\.m2\repository\org\glassfish\jaxb\jaxb-runtime\2.3.6\jaxb-runtime-2.3.6.jar;C:\Users\kosridha\.m2\repository\org\glassfish\jaxb\txw2\2.3.6\txw2-2.3.6.jar;C:\Users\kosridha\.m2\repository\com\sun\istack\istack-commons-runtime\3.0.12\istack-commons-runtime-3.0.12.jar;C:\Users\kosridha\.m2\repository\com\sun\activation\jakarta.activation\1.2.2\jakarta.activation-1.2.2.jar;C:\Users\kosridha\.m2\repository\org\springframework\data\spring-data-jpa\2.7.1\spring-data-jpa-2.7.1.jar;C:\Users\kosridha\.m2\repository\org\springframework\data\spring-data-commons\2.7.1\spring-data-commons-2.7.1.jar;C:\Users\kosridha\.m2\repository\org\springframework\spring-orm\5.3.21\spring-orm-5.3.21.jar;C:\Users\kosridha\.m2\repository\org\springframework\spring-tx\5.3.21\spring-tx-5.3.21.jar;C:\Users\kosridha\.m2\repository\org\springframework\spring-aspects\5.3.21\spring-aspects-5.3.21.jar;C:\Users\kosridha\.m2\repository\org\hibernate\hibernate-entitymanager\5.6.9.Final\hibernate-entitymanager-5.6.9.Final.jar;C:\Users\kosridha\.m2\repository\org\jboss\logging\jboss-logging\3.4.3.Final\jboss-logging-3.4.3.Final.jar;C:\Users\kosridha\.m2\repository\org\hibernate\common\hibernate-commons-annotations\5.1.2.Final\hibernate-commons-annotations-5.1.2.Final.jar;C:\Users\kosridha\.m2\repository\javax\persistence\javax.persistence-api\2.2\javax.persistence-api-2.2.jar;C:\Users\kosridha\.m2\repository\net\bytebuddy\byte-buddy\1.12.11\byte-buddy-1.12.11.jar;C:\Users\kosridha\.m2\repository\org\jboss\spec\javax\transaction\jboss-transaction-api_1.2_spec\1.1.1.Final\jboss-transaction-api_1.2_spec-1.1.1.Final.jar;C:\Users\kosridha\.m2\repository\org\springframework\boot\spring-boot-starter-validation\2.7.1\spring-boot-starter-validation-2.7.1.jar;C:\Users\kosridha\.m2\repository\org\apache\tomcat\embed\tomcat-embed-el\9.0.64\tomcat-embed-el-9.0.64.jar;C:\Users\kosridha\.m2\repository\org\hibernate\validator\hibernate-validator\6.2.3.Final\hibernate-validator-6.2.3.Final.jar;C:\Users\kosridha\.m2\repository\jakarta\validation\jakarta.validation-api\2.0.2\jakarta.validation-api-2.0.2.jar;C:\Users\kosridha\.m2\repository\org\junit\jupiter\junit-jupiter-api\5.8.2\junit-jupiter-api-5.8.2.jar;C:\Users\kosridha\.m2\repository\org\opentest4j\opentest4j\1.2.0\opentest4j-1.2.0.jar;C:\Users\kosridha\.m2\repository\org\junit\platform\junit-platform-commons\1.8.2\junit-platform-commons-1.8.2.jar;C:\Users\kosridha\.m2\repository\org\apiguardian\apiguardian-api\1.1.2\apiguardian-api-1.1.2.jar;C:\Users\kosridha\.m2\repository\org\junit\jupiter\junit-jupiter-engine\5.8.2\junit-jupiter-engine-5.8.2.jar;C:\Users\kosridha\.m2\repository\org\junit\platform\junit-platform-engine\1.8.2\junit-platform-engine-1.8.2.jar;C:\Users\kosridha\.m2\repository\org\junit\jupiter\junit-jupiter-params\5.8.2\junit-jupiter-params-5.8.2.jar;C:\Users\kosridha\.m2\repository\junit\junit\4.12\junit-4.12.jar;C:\Users\kosridha\.m2\repository\org\hamcrest\hamcrest-core\2.2\hamcrest-core-2.2.jar;C:\Users\kosridha\.m2\repository\org\mockito\mockito-junit-jupiter\4.5.1\mockito-junit-jupiter-4.5.1.jar;C:\Users\kosridha\.m2\repository\org\junit\platform\junit-platform-launcher\1.8.2\junit-platform-launcher-1.8.2.jar;"/>
    <property name="java.vm.vendor" value="AdoptOpenJDK"/>
    <property name="sun.arch.data.model" value="64"/>
    <property name="user.variant" value=""/>
    <property name="java.vendor.url" value="https://adoptopenjdk.net/"/>
    <property name="user.timezone" value="Asia/Calcutta"/>
    <property name="os.name" value="Windows 10"/>
    <property name="java.vm.specification.version" value="15"/>
    <property name="user.country" value="IN"/>
    <property name="sun.java.launcher" value="SUN_STANDARD"/>
    <property name="sun.boot.library.path" value="C:\Program Files\AdoptOpenJDK\jdk-15.0.0.36-hotspot\bin"/>
    <property name="sun.java.command" value="C:\Users\kosridha\AppData\Local\Temp\surefire16370515429971704109\surefirebooter12726233656251482270.jar C:\Users\kosridha\AppData\Local\Temp\surefire16370515429971704109 2022-08-05T12-09-18_814-jvmRun1 surefire14055797415731787497tmp surefire_011010847532977219604tmp"/>
    <property name="jdk.debug" value="release"/>
    <property name="surefire.test.class.path" value="C:\Users\kosridha\Java\authappnackend\target\test-classes;C:\Users\kosridha\Java\authappnackend\target\classes;C:\Users\kosridha\.m2\repository\org\springframework\boot\spring-boot-starter-web\2.7.1\spring-boot-starter-web-2.7.1.jar;C:\Users\kosridha\.m2\repository\org\springframework\boot\spring-boot-starter\2.7.1\spring-boot-starter-2.7.1.jar;C:\Users\kosridha\.m2\repository\org\springframework\boot\spring-boot-starter-logging\2.7.1\spring-boot-starter-logging-2.7.1.jar;C:\Users\kosridha\.m2\repository\ch\qos\logback\logback-classic\1.2.11\logback-classic-1.2.11.jar;C:\Users\kosridha\.m2\repository\ch\qos\logback\logback-core\1.2.11\logback-core-1.2.11.jar;C:\Users\kosridha\.m2\repository\org\apache\logging\log4j\log4j-to-slf4j\2.17.2\log4j-to-slf4j-2.17.2.jar;C:\Users\kosridha\.m2\repository\org\apache\logging\log4j\log4j-api\2.17.2\log4j-api-2.17.2.jar;C:\Users\kosridha\.m2\repository\org\slf4j\jul-to-slf4j\1.7.36\jul-to-slf4j-1.7.36.jar;C:\Users\kosridha\.m2\repository\jakarta\annotation\jakarta.annotation-api\1.3.5\jakarta.annotation-api-1.3.5.jar;C:\Users\kosridha\.m2\repository\org\yaml\snakeyaml\1.30\snakeyaml-1.30.jar;C:\Users\kosridha\.m2\repository\org\springframework\boot\spring-boot-starter-json\2.7.1\spring-boot-starter-json-2.7.1.jar;C:\Users\kosridha\.m2\repository\com\fasterxml\jackson\core\jackson-databind\2.13.3\jackson-databind-2.13.3.jar;C:\Users\kosridha\.m2\repository\com\fasterxml\jackson\core\jackson-annotations\2.13.3\jackson-annotations-2.13.3.jar;C:\Users\kosridha\.m2\repository\com\fasterxml\jackson\core\jackson-core\2.13.3\jackson-core-2.13.3.jar;C:\Users\kosridha\.m2\repository\com\fasterxml\jackson\datatype\jackson-datatype-jdk8\2.13.3\jackson-datatype-jdk8-2.13.3.jar;C:\Users\kosridha\.m2\repository\com\fasterxml\jackson\datatype\jackson-datatype-jsr310\2.13.3\jackson-datatype-jsr310-2.13.3.jar;C:\Users\kosridha\.m2\repository\com\fasterxml\jackson\module\jackson-module-parameter-names\2.13.3\jackson-module-parameter-names-2.13.3.jar;C:\Users\kosridha\.m2\repository\org\springframework\boot\spring-boot-starter-tomcat\2.7.1\spring-boot-starter-tomcat-2.7.1.jar;C:\Users\kosridha\.m2\repository\org\apache\tomcat\embed\tomcat-embed-core\9.0.64\tomcat-embed-core-9.0.64.jar;C:\Users\kosridha\.m2\repository\org\apache\tomcat\embed\tomcat-embed-websocket\9.0.64\tomcat-embed-websocket-9.0.64.jar;C:\Users\kosridha\.m2\repository\org\springframework\spring-web\5.3.21\spring-web-5.3.21.jar;C:\Users\kosridha\.m2\repository\org\springframework\spring-beans\5.3.21\spring-beans-5.3.21.jar;C:\Users\kosridha\.m2\repository\org\springframework\spring-webmvc\5.3.21\spring-webmvc-5.3.21.jar;C:\Users\kosridha\.m2\repository\org\springframework\spring-aop\5.3.21\spring-aop-5.3.21.jar;C:\Users\kosridha\.m2\repository\org\springframework\spring-context\5.3.21\spring-context-5.3.21.jar;C:\Users\kosridha\.m2\repository\org\springframework\spring-expression\5.3.21\spring-expression-5.3.21.jar;C:\Users\kosridha\.m2\repository\org\springframework\boot\spring-boot-starter-test\2.7.1\spring-boot-starter-test-2.7.1.jar;C:\Users\kosridha\.m2\repository\org\springframework\boot\spring-boot-test\2.7.1\spring-boot-test-2.7.1.jar;C:\Users\kosridha\.m2\repository\org\springframework\boot\spring-boot-test-autoconfigure\2.7.1\spring-boot-test-autoconfigure-2.7.1.jar;C:\Users\kosridha\.m2\repository\com\jayway\jsonpath\json-path\2.7.0\json-path-2.7.0.jar;C:\Users\kosridha\.m2\repository\net\minidev\json-smart\2.4.8\json-smart-2.4.8.jar;C:\Users\kosridha\.m2\repository\net\minidev\accessors-smart\2.4.8\accessors-smart-2.4.8.jar;C:\Users\kosridha\.m2\repository\org\ow2\asm\asm\9.1\asm-9.1.jar;C:\Users\kosridha\.m2\repository\org\slf4j\slf4j-api\1.7.36\slf4j-api-1.7.36.jar;C:\Users\kosridha\.m2\repository\jakarta\xml\bind\jakarta.xml.bind-api\2.3.3\jakarta.xml.bind-api-2.3.3.jar;C:\Users\kosridha\.m2\repository\jakarta\activation\jakarta.activation-api\1.2.2\jakarta.activation-api-1.2.2.jar;C:\Users\kosridha\.m2\repository\org\assertj\assertj-core\3.22.0\assertj-core-3.22.0.jar;C:\Users\kosridha\.m2\repository\org\hamcrest\hamcrest\2.2\hamcrest-2.2.jar;C:\Users\kosridha\.m2\repository\org\junit\jupiter\junit-jupiter\5.8.2\junit-jupiter-5.8.2.jar;C:\Users\kosridha\.m2\repository\org\mockito\mockito-core\4.5.1\mockito-core-4.5.1.jar;C:\Users\kosridha\.m2\repository\net\bytebuddy\byte-buddy-agent\1.12.11\byte-buddy-agent-1.12.11.jar;C:\Users\kosridha\.m2\repository\org\objenesis\objenesis\3.2\objenesis-3.2.jar;C:\Users\kosridha\.m2\repository\org\skyscreamer\jsonassert\1.5.0\jsonassert-1.5.0.jar;C:\Users\kosridha\.m2\repository\com\vaadin\external\google\android-json\0.0.20131108.vaadin1\android-json-0.0.20131108.vaadin1.jar;C:\Users\kosridha\.m2\repository\org\springframework\spring-core\5.3.21\spring-core-5.3.21.jar;C:\Users\kosridha\.m2\repository\org\springframework\spring-jcl\5.3.21\spring-jcl-5.3.21.jar;C:\Users\kosridha\.m2\repository\org\springframework\spring-test\5.3.21\spring-test-5.3.21.jar;C:\Users\kosridha\.m2\repository\org\xmlunit\xmlunit-core\2.9.0\xmlunit-core-2.9.0.jar;C:\Users\kosridha\.m2\repository\org\postgresql\postgresql\42.3.6\postgresql-42.3.6.jar;C:\Users\kosridha\.m2\repository\org\checkerframework\checker-qual\3.5.0\checker-qual-3.5.0.jar;C:\Users\kosridha\.m2\repository\org\springframework\boot\spring-boot-devtools\2.7.1\spring-boot-devtools-2.7.1.jar;C:\Users\kosridha\.m2\repository\org\springframework\boot\spring-boot\2.7.1\spring-boot-2.7.1.jar;C:\Users\kosridha\.m2\repository\org\springframework\boot\spring-boot-autoconfigure\2.7.1\spring-boot-autoconfigure-2.7.1.jar;C:\Users\kosridha\.m2\repository\org\springframework\boot\spring-boot-starter-data-jpa\2.7.1\spring-boot-starter-data-jpa-2.7.1.jar;C:\Users\kosridha\.m2\repository\org\springframework\boot\spring-boot-starter-aop\2.7.1\spring-boot-starter-aop-2.7.1.jar;C:\Users\kosridha\.m2\repository\org\aspectj\aspectjweaver\1.9.7\aspectjweaver-1.9.7.jar;C:\Users\kosridha\.m2\repository\org\springframework\boot\spring-boot-starter-jdbc\2.7.1\spring-boot-starter-jdbc-2.7.1.jar;C:\Users\kosridha\.m2\repository\com\zaxxer\HikariCP\4.0.3\HikariCP-4.0.3.jar;C:\Users\kosridha\.m2\repository\org\springframework\spring-jdbc\5.3.21\spring-jdbc-5.3.21.jar;C:\Users\kosridha\.m2\repository\jakarta\transaction\jakarta.transaction-api\1.3.3\jakarta.transaction-api-1.3.3.jar;C:\Users\kosridha\.m2\repository\jakarta\persistence\jakarta.persistence-api\2.2.3\jakarta.persistence-api-2.2.3.jar;C:\Users\kosridha\.m2\repository\org\hibernate\hibernate-core\5.6.9.Final\hibernate-core-5.6.9.Final.jar;C:\Users\kosridha\.m2\repository\antlr\antlr\2.7.7\antlr-2.7.7.jar;C:\Users\kosridha\.m2\repository\org\jboss\jandex\2.4.2.Final\jandex-2.4.2.Final.jar;C:\Users\kosridha\.m2\repository\com\fasterxml\classmate\1.5.1\classmate-1.5.1.jar;C:\Users\kosridha\.m2\repository\org\glassfish\jaxb\jaxb-runtime\2.3.6\jaxb-runtime-2.3.6.jar;C:\Users\kosridha\.m2\repository\org\glassfish\jaxb\txw2\2.3.6\txw2-2.3.6.jar;C:\Users\kosridha\.m2\repository\com\sun\istack\istack-commons-runtime\3.0.12\istack-commons-runtime-3.0.12.jar;C:\Users\kosridha\.m2\repository\com\sun\activation\jakarta.activation\1.2.2\jakarta.activation-1.2.2.jar;C:\Users\kosridha\.m2\repository\org\springframework\data\spring-data-jpa\2.7.1\spring-data-jpa-2.7.1.jar;C:\Users\kosridha\.m2\repository\org\springframework\data\spring-data-commons\2.7.1\spring-data-commons-2.7.1.jar;C:\Users\kosridha\.m2\repository\org\springframework\spring-orm\5.3.21\spring-orm-5.3.21.jar;C:\Users\kosridha\.m2\repository\org\springframework\spring-tx\5.3.21\spring-tx-5.3.21.jar;C:\Users\kosridha\.m2\repository\org\springframework\spring-aspects\5.3.21\spring-aspects-5.3.21.jar;C:\Users\kosridha\.m2\repository\org\hibernate\hibernate-entitymanager\5.6.9.Final\hibernate-entitymanager-5.6.9.Final.jar;C:\Users\kosridha\.m2\repository\org\jboss\logging\jboss-logging\3.4.3.Final\jboss-logging-3.4.3.Final.jar;C:\Users\kosridha\.m2\repository\org\hibernate\common\hibernate-commons-annotations\5.1.2.Final\hibernate-commons-annotations-5.1.2.Final.jar;C:\Users\kosridha\.m2\repository\javax\persistence\javax.persistence-api\2.2\javax.persistence-api-2.2.jar;C:\Users\kosridha\.m2\repository\net\bytebuddy\byte-buddy\1.12.11\byte-buddy-1.12.11.jar;C:\Users\kosridha\.m2\repository\org\jboss\spec\javax\transaction\jboss-transaction-api_1.2_spec\1.1.1.Final\jboss-transaction-api_1.2_spec-1.1.1.Final.jar;C:\Users\kosridha\.m2\repository\org\springframework\boot\spring-boot-starter-validation\2.7.1\spring-boot-starter-validation-2.7.1.jar;C:\Users\kosridha\.m2\repository\org\apache\tomcat\embed\tomcat-embed-el\9.0.64\tomcat-embed-el-9.0.64.jar;C:\Users\kosridha\.m2\repository\org\hibernate\validator\hibernate-validator\6.2.3.Final\hibernate-validator-6.2.3.Final.jar;C:\Users\kosridha\.m2\repository\jakarta\validation\jakarta.validation-api\2.0.2\jakarta.validation-api-2.0.2.jar;C:\Users\kosridha\.m2\repository\org\junit\jupiter\junit-jupiter-api\5.8.2\junit-jupiter-api-5.8.2.jar;C:\Users\kosridha\.m2\repository\org\opentest4j\opentest4j\1.2.0\opentest4j-1.2.0.jar;C:\Users\kosridha\.m2\repository\org\junit\platform\junit-platform-commons\1.8.2\junit-platform-commons-1.8.2.jar;C:\Users\kosridha\.m2\repository\org\apiguardian\apiguardian-api\1.1.2\apiguardian-api-1.1.2.jar;C:\Users\kosridha\.m2\repository\org\junit\jupiter\junit-jupiter-engine\5.8.2\junit-jupiter-engine-5.8.2.jar;C:\Users\kosridha\.m2\repository\org\junit\platform\junit-platform-engine\1.8.2\junit-platform-engine-1.8.2.jar;C:\Users\kosridha\.m2\repository\org\junit\jupiter\junit-jupiter-params\5.8.2\junit-jupiter-params-5.8.2.jar;C:\Users\kosridha\.m2\repository\junit\junit\4.12\junit-4.12.jar;C:\Users\kosridha\.m2\repository\org\hamcrest\hamcrest-core\2.2\hamcrest-core-2.2.jar;C:\Users\kosridha\.m2\repository\org\mockito\mockito-junit-jupiter\4.5.1\mockito-junit-jupiter-4.5.1.jar;C:\Users\kosridha\.m2\repository\org\junit\platform\junit-platform-launcher\1.8.2\junit-platform-launcher-1.8.2.jar;"/>
    <property name="sun.cpu.endian" value="little"/>
    <property name="user.home" value="C:\Users\kosridha"/>
    <property name="user.language" value="en"/>
    <property name="java.specification.vendor" value="Oracle Corporation"/>
    <property name="java.version.date" value="2020-09-15"/>
    <property name="java.home" value="C:\Program Files\AdoptOpenJDK\jdk-15.0.0.36-hotspot"/>
    <property name="file.separator" value="\"/>
    <property name="basedir" value="C:\Users\kosridha\Java\authappnackend"/>
    <property name="java.vm.compressedOopsMode" value="Zero based"/>
    <property name="line.separator" value="&#10;"/>
    <property name="java.vm.specification.vendor" value="Oracle Corporation"/>
    <property name="java.specification.name" value="Java Platform API Specification"/>
    <property name="FILE_LOG_CHARSET" value="windows-1252"/>
    <property name="java.awt.headless" value="true"/>
    <property name="surefire.real.class.path" value="C:\Users\kosridha\AppData\Local\Temp\surefire16370515429971704109\surefirebooter12726233656251482270.jar"/>
    <property name="user.script" value=""/>
    <property name="sun.management.compiler" value="HotSpot 64-Bit Tiered Compilers"/>
    <property name="java.runtime.version" value="15+36"/>
    <property name="user.name" value="kosridha"/>
    <property name="path.separator" value=";"/>
    <property name="os.version" value="10.0"/>
    <property name="java.runtime.name" value="OpenJDK Runtime Environment"/>
    <property name="file.encoding" value="Cp1252"/>
    <property name="spring.beaninfo.ignore" value="true"/>
    <property name="java.vm.name" value="OpenJDK 64-Bit Server VM"/>
    <property name="java.vendor.version" value="AdoptOpenJDK"/>
    <property name="LOG_FILE" value="authapp.log"/>
    <property name="localRepository" value="C:\Users\kosridha\.m2\repository"/>
    <property name="java.vendor.url.bug" value="https://github.com/AdoptOpenJDK/openjdk-support/issues"/>
    <property name="java.io.tmpdir" value="C:\Users\kosridha\AppData\Local\Temp\"/>
    <property name="com.zaxxer.hikari.pool_number" value="2"/>
    <property name="java.version" value="15"/>
    <property name="user.dir" value="C:\Users\kosridha\Java\authappnackend"/>
    <property name="os.arch" value="amd64"/>
    <property name="java.vm.specification.name" value="Java Virtual Machine Specification"/>
    <property name="PID" value="22992"/>
    <property name="sun.os.patch.level" value=""/>
    <property name="CONSOLE_LOG_CHARSET" value="windows-1252"/>
    <property name="java.library.path" value="C:\Program Files\AdoptOpenJDK\jdk-15.0.0.36-hotspot\bin;C:\WINDOWS\Sun\Java\bin;C:\WINDOWS\system32;C:\WINDOWS;C:\Program Files\AdoptOpenJDK\jdk-15.0.0.36-hotspot\bin;C:\WINDOWS\system32;C:\WINDOWS;C:\WINDOWS\System32\Wbem;C:\WINDOWS\System32\WindowsPowerShell\v1.0\;C:\WINDOWS\System32\OpenSSH\;C:\Program Files\NVM;C:\Program Files\nodejs;C:\APACHE-MAVEN-3.8.5-BIN\APACHE-MAVEN-3.8.5\bin;C:\Users\kosridha\AppData\Local\Microsoft\WindowsApps;C:\Users\kosridha\AppData\Local\GitHubDesktop\bin;C:\Users\kosridha\AppData\Local\Programs\Microsoft VS Code\bin;C:\Users\kosridha\AppData\Roaming\npm;."/>
    <property name="java.vm.info" value="mixed mode, sharing"/>
    <property name="java.vendor" value="AdoptOpenJDK"/>
    <property name="java.vm.version" value="15+36"/>
    <property name="sun.io.unicode.encoding" value="UnicodeLittle"/>
    <property name="java.class.version" value="59.0"/>
  </properties>
  <testcase name="testallusers" classname="com.xender.practical.services.UserServicesTest" time="0.022">
    <system-out><![CDATA[2022-08-05 12:09:31.220  INFO 22992 --- [           main] .b.t.c.SpringBootTestContextBootstrapper : Neither @ContextConfiguration nor @ContextHierarchy found for test class [com.xender.practical.services.UserServicesTest], using SpringBootContextLoader
2022-08-05 12:09:31.221  INFO 22992 --- [           main] o.s.t.c.support.AbstractContextLoader    : Could not detect default resource locations for test class [com.xender.practical.services.UserServicesTest]: no resource found for suffixes {-context.xml, Context.groovy}.
2022-08-05 12:09:31.222  INFO 22992 --- [           main] t.c.s.AnnotationConfigContextLoaderUtils : Could not detect default configuration classes for test class [com.xender.practical.services.UserServicesTest]: UserServicesTest does not declare any static, non-private, non-final, nested classes annotated with @Configuration.
2022-08-05 12:09:31.239  INFO 22992 --- [           main] .b.t.c.SpringBootTestContextBootstrapper : Found @SpringBootConfiguration com.xender.practical.AuthApplication for test class com.xender.practical.services.UserServicesTest
2022-08-05 12:09:31.242  INFO 22992 --- [           main] .b.t.c.SpringBootTestContextBootstrapper : Loaded default TestExecutionListener class names from location [META-INF/spring.factories]: [org.springframework.boot.test.mock.mockito.MockitoTestExecutionListener, org.springframework.boot.test.mock.mockito.ResetMocksTestExecutionListener, org.springframework.boot.test.autoconfigure.restdocs.RestDocsTestExecutionListener, org.springframework.boot.test.autoconfigure.web.client.MockRestServiceServerResetTestExecutionListener, org.springframework.boot.test.autoconfigure.web.servlet.MockMvcPrintOnlyOnFailureTestExecutionListener, org.springframework.boot.test.autoconfigure.web.servlet.WebDriverTestExecutionListener, org.springframework.boot.test.autoconfigure.webservices.client.MockWebServiceServerTestExecutionListener, org.springframework.test.context.web.ServletTestExecutionListener, org.springframework.test.context.support.DirtiesContextBeforeModesTestExecutionListener, org.springframework.test.context.event.ApplicationEventsTestExecutionListener, org.springframework.test.context.support.DependencyInjectionTestExecutionListener, org.springframework.test.context.support.DirtiesContextTestExecutionListener, org.springframework.test.context.transaction.TransactionalTestExecutionListener, org.springframework.test.context.jdbc.SqlScriptsTestExecutionListener, org.springframework.test.context.event.EventPublishingTestExecutionListener]
2022-08-05 12:09:31.243  INFO 22992 --- [           main] .b.t.c.SpringBootTestContextBootstrapper : Using TestExecutionListeners: [org.springframework.test.context.web.ServletTestExecutionListener@3a6409ec, org.springframework.test.context.support.DirtiesContextBeforeModesTestExecutionListener@4779df3d, org.springframework.test.context.event.ApplicationEventsTestExecutionListener@32b8992e, org.springframework.boot.test.mock.mockito.MockitoTestExecutionListener@3ef7fb04, org.springframework.boot.test.autoconfigure.SpringBootDependencyInjectionTestExecutionListener@2446be5f, org.springframework.test.context.support.DirtiesContextTestExecutionListener@2d4f1ddd, org.springframework.test.context.transaction.TransactionalTestExecutionListener@5b4880b3, org.springframework.test.context.jdbc.SqlScriptsTestExecutionListener@5ae67f05, org.springframework.test.context.event.EventPublishingTestExecutionListener@4bc39640, org.springframework.boot.test.mock.mockito.ResetMocksTestExecutionListener@1e37cb10, org.springframework.boot.test.autoconfigure.restdocs.RestDocsTestExecutionListener@1659d7d, org.springframework.boot.test.autoconfigure.web.client.MockRestServiceServerResetTestExecutionListener@6892d403, org.springframework.boot.test.autoconfigure.web.servlet.MockMvcPrintOnlyOnFailureTestExecutionListener@3fb42ec7, org.springframework.boot.test.autoconfigure.web.servlet.WebDriverTestExecutionListener@1f7b1d6a, org.springframework.boot.test.autoconfigure.webservices.client.MockWebServiceServerTestExecutionListener@32d8e58d]
2022-08-05 12:09:31.254  INFO 22992 --- [           main] c.x.p.services.UserServicesImplm         : get allUser service
Hibernate: select userdata0_.userid as userid1_0_, userdata0_.email as email2_0_, userdata0_.mobile_number as mobile_n3_0_, userdata0_.name as name4_0_, userdata0_.password as password5_0_, userdata0_.username as username6_0_ from user_data userdata0_
2022-08-05 12:09:31.265  INFO 22992 --- [           main] c.x.p.services.UserServicesImplm         : Users data found
]]></system-out>
  </testcase>
  <testcase name="TestUsernameExceptiononregister" classname="com.xender.practical.services.UserServicesTest" time="0.046">
    <system-out><![CDATA[2022-08-05 12:09:31.292  INFO 22992 --- [           main] c.x.p.services.UserServicesImplm         : register service
Hibernate: select userdata0_.userid as userid1_0_, userdata0_.email as email2_0_, userdata0_.mobile_number as mobile_n3_0_, userdata0_.name as name4_0_, userdata0_.password as password5_0_, userdata0_.username as username6_0_ from user_data userdata0_
Hibernate: select userdata0_.userid as userid1_0_, userdata0_.email as email2_0_, userdata0_.mobile_number as mobile_n3_0_, userdata0_.name as name4_0_, userdata0_.password as password5_0_, userdata0_.username as username6_0_ from user_data userdata0_ where userdata0_.mobile_number is null
Hibernate: select userdata0_.userid as userid1_0_, userdata0_.email as email2_0_, userdata0_.mobile_number as mobile_n3_0_, userdata0_.name as name4_0_, userdata0_.password as password5_0_, userdata0_.username as username6_0_ from user_data userdata0_ where userdata0_.email is null
Hibernate: select userdata0_.userid as userid1_0_, userdata0_.email as email2_0_, userdata0_.mobile_number as mobile_n3_0_, userdata0_.name as name4_0_, userdata0_.password as password5_0_, userdata0_.username as username6_0_ from user_data userdata0_ where userdata0_.username=?
2022-08-05 12:09:31.315  INFO 22992 --- [           main] c.x.p.services.UserServicesImplm         : user validated
2022-08-05 12:09:31.315  INFO 22992 --- [           main] c.x.p.services.UserServicesImplm         : validated email
2022-08-05 12:09:31.316  INFO 22992 --- [           main] c.x.p.services.UserServicesImplm         : Username already exists
]]></system-out>
  </testcase>
  <testcase name="testLoginUser" classname="com.xender.practical.services.UserServicesTest" time="0.029">
    <system-out><![CDATA[2022-08-05 12:09:31.327  INFO 22992 --- [           main] c.x.p.services.UserServicesImplm         : Login service
Hibernate: select userdata0_.userid as userid1_0_, userdata0_.email as email2_0_, userdata0_.mobile_number as mobile_n3_0_, userdata0_.name as name4_0_, userdata0_.password as password5_0_, userdata0_.username as username6_0_ from user_data userdata0_ where userdata0_.username=?
2022-08-05 12:09:31.345  INFO 22992 --- [           main] c.x.p.services.UserServicesImplm         : Password validated
2022-08-05 12:09:31.346  INFO 22992 --- [           main] c.x.p.services.UserServicesImplm         : Login succesfull
Varshini3
]]></system-out>
  </testcase>
  <testcase name="TestDataAlreadyExceptiononregister" classname="com.xender.practical.services.UserServicesTest" time="0.024">
    <system-out><![CDATA[2022-08-05 12:09:31.359  INFO 22992 --- [           main] c.x.p.services.UserServicesImplm         : register service
Hibernate: select userdata0_.userid as userid1_0_, userdata0_.email as email2_0_, userdata0_.mobile_number as mobile_n3_0_, userdata0_.name as name4_0_, userdata0_.password as password5_0_, userdata0_.username as username6_0_ from user_data userdata0_
Hibernate: select userdata0_.userid as userid1_0_, userdata0_.email as email2_0_, userdata0_.mobile_number as mobile_n3_0_, userdata0_.name as name4_0_, userdata0_.password as password5_0_, userdata0_.username as username6_0_ from user_data userdata0_ where userdata0_.mobile_number=?
Hibernate: select userdata0_.userid as userid1_0_, userdata0_.email as email2_0_, userdata0_.mobile_number as mobile_n3_0_, userdata0_.name as name4_0_, userdata0_.password as password5_0_, userdata0_.username as username6_0_ from user_data userdata0_ where userdata0_.email=?
Hibernate: select userdata0_.userid as userid1_0_, userdata0_.email as email2_0_, userdata0_.mobile_number as mobile_n3_0_, userdata0_.name as name4_0_, userdata0_.password as password5_0_, userdata0_.username as username6_0_ from user_data userdata0_ where userdata0_.username=?
2022-08-05 12:09:31.374  INFO 22992 --- [           main] c.x.p.services.UserServicesImplm         : User already registred
]]></system-out>
  </testcase>
  <testcase name="TestemailExceptiononregister" classname="com.xender.practical.services.UserServicesTest" time="0.027">
    <system-out><![CDATA[2022-08-05 12:09:31.387  INFO 22992 --- [           main] c.x.p.services.UserServicesImplm         : register service
Hibernate: select userdata0_.userid as userid1_0_, userdata0_.email as email2_0_, userdata0_.mobile_number as mobile_n3_0_, userdata0_.name as name4_0_, userdata0_.password as password5_0_, userdata0_.username as username6_0_ from user_data userdata0_
Hibernate: select userdata0_.userid as userid1_0_, userdata0_.email as email2_0_, userdata0_.mobile_number as mobile_n3_0_, userdata0_.name as name4_0_, userdata0_.password as password5_0_, userdata0_.username as username6_0_ from user_data userdata0_ where userdata0_.mobile_number is null
Hibernate: select userdata0_.userid as userid1_0_, userdata0_.email as email2_0_, userdata0_.mobile_number as mobile_n3_0_, userdata0_.name as name4_0_, userdata0_.password as password5_0_, userdata0_.username as username6_0_ from user_data userdata0_ where userdata0_.email=?
Hibernate: select userdata0_.userid as userid1_0_, userdata0_.email as email2_0_, userdata0_.mobile_number as mobile_n3_0_, userdata0_.name as name4_0_, userdata0_.password as password5_0_, userdata0_.username as username6_0_ from user_data userdata0_ where userdata0_.username is null
2022-08-05 12:09:31.403  INFO 22992 --- [           main] c.x.p.services.UserServicesImplm         : user validated
2022-08-05 12:09:31.403  INFO 22992 --- [           main] c.x.p.services.UserServicesImplm         : Email already exists
]]></system-out>
  </testcase>
  <testcase name="testLogout" classname="com.xender.practical.services.UserServicesTest" time="0.008">
    <system-out><![CDATA[2022-08-05 12:09:31.414  INFO 22992 --- [           main] c.x.p.services.UserServicesImplm         : Logout service
2022-08-05 12:09:31.414  INFO 22992 --- [           main] c.x.p.services.UserServicesImplm         : Logout successful
User Logged out successfully
]]></system-out>
  </testcase>
  <testcase name="testResetPassword" classname="com.xender.practical.services.UserServicesTest" time="0.088">
    <system-out><![CDATA[2022-08-05 12:09:31.424  INFO 22992 --- [           main] c.x.p.services.UserServicesImplm         : Rest password Service
Hibernate: select userdata0_.userid as userid1_0_, userdata0_.email as email2_0_, userdata0_.mobile_number as mobile_n3_0_, userdata0_.name as name4_0_, userdata0_.password as password5_0_, userdata0_.username as username6_0_ from user_data userdata0_ where userdata0_.email=?
2022-08-05 12:09:31.428  INFO 22992 --- [           main] c.x.p.services.UserServicesImplm         : User data found
Hibernate: select userdata0_.userid as userid1_0_0_, userdata0_.email as email2_0_0_, userdata0_.mobile_number as mobile_n3_0_0_, userdata0_.name as name4_0_0_, userdata0_.password as password5_0_0_, userdata0_.username as username6_0_0_ from user_data userdata0_ where userdata0_.userid=?
Varshini@132
]]></system-out>
  </testcase>
  <testcase name="TestMobileExceptiononregister" classname="com.xender.practical.services.UserServicesTest" time="0.029">
    <system-out><![CDATA[2022-08-05 12:09:31.517  INFO 22992 --- [           main] c.x.p.services.UserServicesImplm         : register service
Hibernate: select userdata0_.userid as userid1_0_, userdata0_.email as email2_0_, userdata0_.mobile_number as mobile_n3_0_, userdata0_.name as name4_0_, userdata0_.password as password5_0_, userdata0_.username as username6_0_ from user_data userdata0_
Hibernate: select userdata0_.userid as userid1_0_, userdata0_.email as email2_0_, userdata0_.mobile_number as mobile_n3_0_, userdata0_.name as name4_0_, userdata0_.password as password5_0_, userdata0_.username as username6_0_ from user_data userdata0_ where userdata0_.mobile_number=?
Hibernate: select userdata0_.userid as userid1_0_, userdata0_.email as email2_0_, userdata0_.mobile_number as mobile_n3_0_, userdata0_.name as name4_0_, userdata0_.password as password5_0_, userdata0_.username as username6_0_ from user_data userdata0_ where userdata0_.email is null
Hibernate: select userdata0_.userid as userid1_0_, userdata0_.email as email2_0_, userdata0_.mobile_number as mobile_n3_0_, userdata0_.name as name4_0_, userdata0_.password as password5_0_, userdata0_.username as username6_0_ from user_data userdata0_ where userdata0_.username is null
2022-08-05 12:09:31.537  INFO 22992 --- [           main] c.x.p.services.UserServicesImplm         : user validated
2022-08-05 12:09:31.538  INFO 22992 --- [           main] c.x.p.services.UserServicesImplm         : validated email
2022-08-05 12:09:31.538  INFO 22992 --- [           main] c.x.p.services.UserServicesImplm         : validated username
2022-08-05 12:09:31.538  INFO 22992 --- [           main] c.x.p.services.UserServicesImplm         : Mobile number already exists
]]></system-out>
  </testcase>
</testsuite>